INFO 2024-12-08 21:15:20,305 autoreload Watching for file changes with StatReloader
INFO 2024-12-08 21:15:24,792 views Старт обработки запроса в index
INFO 2024-12-08 21:15:24,846 views Загружено 3798 записей
INFO 2024-12-08 21:15:26,027 views Успешное завершение обработки запроса
INFO 2024-12-08 21:15:26,056 basehttp "GET / HTTP/1.1" 200 4072448
INFO 2024-12-08 21:15:30,751 views Старт обработки запроса в index
INFO 2024-12-08 21:15:30,855 views Загружено 3798 записей
INFO 2024-12-08 21:15:32,589 views Успешное завершение обработки запроса
INFO 2024-12-08 21:15:32,621 basehttp "GET /?district=%D0%90%D0%BB%D0%B0%D1%82%D0%B0%D1%83%D1%81%D0%BA%D0%B8%D0%B9+%D1%80%D0%B0%D0%B9%D0%BE%D0%BD HTTP/1.1" 200 3765823
INFO 2024-12-08 21:15:36,442 views Старт обработки запроса в index
INFO 2024-12-08 21:15:36,545 views Загружено 3798 записей
INFO 2024-12-08 21:15:38,337 views Успешное завершение обработки запроса
INFO 2024-12-08 21:15:38,358 basehttp "GET /?district=%D0%90%D0%BB%D0%B0%D1%82%D0%B0%D1%83%D1%81%D0%BA%D0%B8%D0%B9+%D1%80%D0%B0%D0%B9%D0%BE%D0%BD HTTP/1.1" 200 3765823
INFO 2024-12-08 21:15:42,336 views Старт обработки запроса в index
INFO 2024-12-08 21:15:42,432 views Загружено 3798 записей
INFO 2024-12-08 21:15:44,148 views Успешное завершение обработки запроса
INFO 2024-12-08 21:15:44,173 basehttp "GET /?district=%D0%90%D0%BB%D0%BC%D0%B0%D0%BB%D0%B8%D0%BD%D1%81%D0%BA%D0%B8%D0%B9+%D1%80%D0%B0%D0%B9%D0%BE%D0%BD HTTP/1.1" 200 3692545
INFO 2024-12-08 21:15:48,049 views Старт обработки запроса в index
INFO 2024-12-08 21:15:48,145 views Загружено 3798 записей
INFO 2024-12-08 21:15:49,916 views Успешное завершение обработки запроса
INFO 2024-12-08 21:15:49,964 basehttp "GET /?district=%D0%90%D0%BB%D0%BC%D0%B0%D0%BB%D0%B8%D0%BD%D1%81%D0%BA%D0%B8%D0%B9+%D1%80%D0%B0%D0%B9%D0%BE%D0%BD HTTP/1.1" 200 3692545
INFO 2024-12-08 21:15:54,208 views Старт обработки запроса в index
INFO 2024-12-08 21:15:54,294 views Загружено 3798 записей
INFO 2024-12-08 21:15:56,076 views Успешное завершение обработки запроса
INFO 2024-12-08 21:15:56,098 basehttp "GET /?district=%D0%90%D1%83%D1%8D%D0%B7%D0%BE%D0%B2%D1%81%D0%BA%D0%B8%D0%B9+%D1%80%D0%B0%D0%B9%D0%BE%D0%BD HTTP/1.1" 200 3678925
INFO 2024-12-08 21:15:59,649 views Старт обработки запроса в index
INFO 2024-12-08 21:15:59,755 views Загружено 3798 записей
INFO 2024-12-08 21:16:01,608 views Успешное завершение обработки запроса
INFO 2024-12-08 21:16:01,632 basehttp "GET /?district=%D0%90%D1%83%D1%8D%D0%B7%D0%BE%D0%B2%D1%81%D0%BA%D0%B8%D0%B9+%D1%80%D0%B0%D0%B9%D0%BE%D0%BD HTTP/1.1" 200 3678925
INFO 2024-12-08 21:16:06,432 views Старт обработки запроса в index
INFO 2024-12-08 21:16:06,532 views Загружено 3798 записей
INFO 2024-12-08 21:16:08,373 views Успешное завершение обработки запроса
INFO 2024-12-08 21:16:08,399 basehttp "GET /?district=%D0%91%D0%BE%D1%81%D1%82%D0%B0%D0%BD%D0%B4%D1%8B%D0%BA%D1%81%D0%BA%D0%B8%D0%B9+%D1%80%D0%B0%D0%B9%D0%BE%D0%BD HTTP/1.1" 200 3767823
INFO 2024-12-08 21:16:12,056 views Старт обработки запроса в index
INFO 2024-12-08 21:16:12,149 views Загружено 3798 записей
INFO 2024-12-08 21:16:13,917 views Успешное завершение обработки запроса
INFO 2024-12-08 21:16:13,939 basehttp "GET /?district=%D0%90%D1%83%D1%8D%D0%B7%D0%BE%D0%B2%D1%81%D0%BA%D0%B8%D0%B9+%D1%80%D0%B0%D0%B9%D0%BE%D0%BD HTTP/1.1" 200 3678925
INFO 2024-12-08 21:16:18,135 views Старт обработки запроса в index
INFO 2024-12-08 21:16:18,222 views Загружено 3798 записей
INFO 2024-12-08 21:16:20,069 views Успешное завершение обработки запроса
INFO 2024-12-08 21:16:20,099 basehttp "GET /?district=%D0%91%D0%BE%D1%81%D1%82%D0%B0%D0%BD%D0%B4%D1%8B%D0%BA%D1%81%D0%BA%D0%B8%D0%B9+%D1%80%D0%B0%D0%B9%D0%BE%D0%BD HTTP/1.1" 200 3767823
INFO 2024-12-08 21:16:23,625 views Старт обработки запроса в index
INFO 2024-12-08 21:16:23,710 views Загружено 3798 записей
INFO 2024-12-08 21:16:25,508 views Успешное завершение обработки запроса
INFO 2024-12-08 21:16:25,529 basehttp "GET /?district=%D0%91%D0%BE%D1%81%D1%82%D0%B0%D0%BD%D0%B4%D1%8B%D0%BA%D1%81%D0%BA%D0%B8%D0%B9+%D1%80%D0%B0%D0%B9%D0%BE%D0%BD HTTP/1.1" 200 3767823
INFO 2024-12-08 21:16:29,272 views Старт обработки запроса в index
INFO 2024-12-08 21:16:29,378 views Загружено 3798 записей
INFO 2024-12-08 21:16:31,102 views Успешное завершение обработки запроса
INFO 2024-12-08 21:16:31,129 basehttp "GET /?top_only=true&district=%D0%90%D0%BB%D0%B0%D1%82%D0%B0%D1%83%D1%81%D0%BA%D0%B8%D0%B9+%D1%80%D0%B0%D0%B9%D0%BE%D0%BD HTTP/1.1" 200 3765823
INFO 2024-12-08 21:16:35,319 views Старт обработки запроса в index
INFO 2024-12-08 21:16:35,408 views Загружено 3798 записей
INFO 2024-12-08 21:16:37,189 views Успешное завершение обработки запроса
INFO 2024-12-08 21:16:37,219 basehttp "GET /?top_only=true&district=%D0%90%D0%BB%D0%B0%D1%82%D0%B0%D1%83%D1%81%D0%BA%D0%B8%D0%B9+%D1%80%D0%B0%D0%B9%D0%BE%D0%BD HTTP/1.1" 200 3765823
INFO 2024-12-08 21:32:36,075 autoreload Watching for file changes with StatReloader
INFO 2024-12-08 21:32:39,088 views Старт обработки запроса в index
INFO 2024-12-08 21:32:39,150 views Загружено 3798 записей
INFO 2024-12-08 21:32:40,560 views Успешное завершение обработки запроса
INFO 2024-12-08 21:32:40,588 basehttp "GET / HTTP/1.1" 200 4072448
INFO 2024-12-08 21:32:47,951 views Старт обработки запроса в index
INFO 2024-12-08 21:32:48,038 views Загружено 3798 записей
INFO 2024-12-08 21:32:49,750 views Успешное завершение обработки запроса
INFO 2024-12-08 21:32:49,778 basehttp "GET /?top_only=true&district=%D0%90%D0%BB%D0%B0%D1%82%D0%B0%D1%83%D1%81%D0%BA%D0%B8%D0%B9+%D1%80%D0%B0%D0%B9%D0%BE%D0%BD HTTP/1.1" 200 3765823
INFO 2024-12-08 21:32:57,230 views Старт обработки запроса в index
INFO 2024-12-08 21:32:57,329 views Загружено 3798 записей
INFO 2024-12-08 21:32:59,026 views Успешное завершение обработки запроса
INFO 2024-12-08 21:32:59,054 basehttp "GET /?top_only=true&district=%D0%90%D0%BB%D0%B0%D1%82%D0%B0%D1%83%D1%81%D0%BA%D0%B8%D0%B9+%D1%80%D0%B0%D0%B9%D0%BE%D0%BD HTTP/1.1" 200 3765823
INFO 2024-12-08 21:33:07,919 views Старт обработки запроса в index
INFO 2024-12-08 21:33:08,028 views Загружено 3798 записей
INFO 2024-12-08 21:33:09,758 views Успешное завершение обработки запроса
INFO 2024-12-08 21:33:09,790 basehttp "GET /?district=%D0%90%D0%BB%D0%BC%D0%B0%D0%BB%D0%B8%D0%BD%D1%81%D0%BA%D0%B8%D0%B9+%D1%80%D0%B0%D0%B9%D0%BE%D0%BD HTTP/1.1" 200 3692545
INFO 2024-12-08 21:33:14,408 views Старт обработки запроса в index
INFO 2024-12-08 21:33:14,505 views Загружено 3798 записей
INFO 2024-12-08 21:33:16,275 views Успешное завершение обработки запроса
INFO 2024-12-08 21:33:16,303 basehttp "GET /?district=%D0%90%D0%BB%D0%BC%D0%B0%D0%BB%D0%B8%D0%BD%D1%81%D0%BA%D0%B8%D0%B9+%D1%80%D0%B0%D0%B9%D0%BE%D0%BD HTTP/1.1" 200 3692545
INFO 2024-12-08 21:34:39,536 views Старт обработки запроса в index
INFO 2024-12-08 21:34:39,647 views Загружено 3798 записей
INFO 2024-12-08 21:34:41,438 views Успешное завершение обработки запроса
INFO 2024-12-08 21:34:41,467 basehttp "GET /?district=%D0%91%D0%BE%D1%81%D1%82%D0%B0%D0%BD%D0%B4%D1%8B%D0%BA%D1%81%D0%BA%D0%B8%D0%B9+%D1%80%D0%B0%D0%B9%D0%BE%D0%BD HTTP/1.1" 200 3767823
INFO 2024-12-08 21:35:55,856 views Старт обработки запроса в index
INFO 2024-12-08 21:35:55,894 views Загружено 3798 записей
INFO 2024-12-08 21:35:56,559 views Успешное завершение обработки запроса
INFO 2024-12-08 21:35:56,574 basehttp "GET /?district=%D0%91%D0%BE%D1%81%D1%82%D0%B0%D0%BD%D0%B4%D1%8B%D0%BA%D1%81%D0%BA%D0%B8%D0%B9+%D1%80%D0%B0%D0%B9%D0%BE%D0%BD HTTP/1.1" 200 3767823
INFO 2024-12-08 21:36:03,822 views Старт обработки запроса в index
INFO 2024-12-08 21:36:03,864 views Загружено 3798 записей
INFO 2024-12-08 21:36:04,470 views Успешное завершение обработки запроса
INFO 2024-12-08 21:36:04,477 basehttp "GET /?district=%D0%90%D0%BB%D0%B0%D1%82%D0%B0%D1%83%D1%81%D0%BA%D0%B8%D0%B9+%D1%80%D0%B0%D0%B9%D0%BE%D0%BD HTTP/1.1" 200 3765823
INFO 2024-12-08 21:36:06,842 views Старт обработки запроса в index
INFO 2024-12-08 21:36:06,887 views Загружено 3798 записей
INFO 2024-12-08 21:36:07,447 views Успешное завершение обработки запроса
INFO 2024-12-08 21:36:07,464 basehttp "GET /?district=%D0%90%D0%BB%D0%B0%D1%82%D0%B0%D1%83%D1%81%D0%BA%D0%B8%D0%B9+%D1%80%D0%B0%D0%B9%D0%BE%D0%BD HTTP/1.1" 200 3765823
INFO 2024-12-08 21:36:12,908 views Старт обработки запроса в index
INFO 2024-12-08 21:36:12,948 views Загружено 3798 записей
INFO 2024-12-08 21:36:13,508 views Успешное завершение обработки запроса
INFO 2024-12-08 21:36:13,522 basehttp "GET /?top_only=true&district=%D0%90%D0%BB%D0%B0%D1%82%D0%B0%D1%83%D1%81%D0%BA%D0%B8%D0%B9+%D1%80%D0%B0%D0%B9%D0%BE%D0%BD HTTP/1.1" 200 3765823
WARNING 2024-12-08 21:36:17,204 basehttp "GET /static/deps/js/bootstrap/bootstrap/bootstrap.bundle.min.js.map HTTP/1.1" 404 1979
WARNING 2024-12-08 21:36:17,204 basehttp "GET /static/deps/css/bootstrap/bootstrap/bootstrap.min.css.map HTTP/1.1" 404 1964
INFO 2024-12-08 21:36:29,552 views Старт обработки запроса в index
INFO 2024-12-08 21:36:29,596 views Загружено 3798 записей
INFO 2024-12-08 21:36:30,268 views Успешное завершение обработки запроса
INFO 2024-12-08 21:36:30,282 basehttp "GET /?district=%D0%90%D0%BB%D0%B0%D1%82%D0%B0%D1%83%D1%81%D0%BA%D0%B8%D0%B9+%D1%80%D0%B0%D0%B9%D0%BE%D0%BD HTTP/1.1" 200 3765823
WARNING 2024-12-08 21:36:30,373 basehttp "GET /static/deps/css/bootstrap/bootstrap/bootstrap.min.css.map HTTP/1.1" 404 1964
WARNING 2024-12-08 21:36:30,705 basehttp "GET /static/deps/js/bootstrap/bootstrap/bootstrap.bundle.min.js.map HTTP/1.1" 404 1979
INFO 2024-12-08 22:01:35,812 autoreload Watching for file changes with StatReloader
INFO 2024-12-08 22:01:38,260 views Старт обработки запроса в index
INFO 2024-12-08 22:01:38,311 views Загружено 3798 записей
INFO 2024-12-08 22:01:39,567 basehttp "GET / HTTP/1.1" 200 4013716
INFO 2024-12-08 22:01:39,655 basehttp "GET /static/deps/js/main.js HTTP/1.1" 200 7933
INFO 2024-12-08 22:02:09,708 views Старт обработки запроса в index
INFO 2024-12-08 22:02:09,821 views Загружено 3798 записей
ERROR 2024-12-08 22:02:11,557 views Произошла ошибка: main/map_partial.html
Traceback (most recent call last):
  File "C:\Users\ZhanibekSB\WorkplaceVS\HackaAstanaDjEnv\main\views.py", line 119, in index
    return render(request, 'main/map_partial.html', context)
           ^^^^^^^^^^^^^^^^^^^^^^^^^^^^^^^^^^^^^^^^^^^^^^^^^
  File "c:\Users\ZhanibekSB\AppData\Local\Programs\Python\Python312\Lib\site-packages\django\shortcuts.py", line 25, in render
    content = loader.render_to_string(template_name, context, request, using=using)
              ^^^^^^^^^^^^^^^^^^^^^^^^^^^^^^^^^^^^^^^^^^^^^^^^^^^^^^^^^^^^^^^^^^^^^
  File "c:\Users\ZhanibekSB\AppData\Local\Programs\Python\Python312\Lib\site-packages\django\template\loader.py", line 61, in render_to_string
    template = get_template(template_name, using=using)
               ^^^^^^^^^^^^^^^^^^^^^^^^^^^^^^^^^^^^^^^^
  File "c:\Users\ZhanibekSB\AppData\Local\Programs\Python\Python312\Lib\site-packages\django\template\loader.py", line 19, in get_template
    raise TemplateDoesNotExist(template_name, chain=chain)
django.template.exceptions.TemplateDoesNotExist: main/map_partial.html
INFO 2024-12-08 22:02:11,570 basehttp "GET /?district=%D0%90%D0%BB%D0%B0%D1%82%D0%B0%D1%83%D1%81%D0%BA%D0%B8%D0%B9+%D1%80%D0%B0%D0%B9%D0%BE%D0%BD HTTP/1.1" 200 7162
INFO 2024-12-08 22:02:23,222 views Старт обработки запроса в index
INFO 2024-12-08 22:02:23,310 views Загружено 3798 записей
INFO 2024-12-08 22:02:24,938 basehttp "GET /?top_only=true HTTP/1.1" 200 4013716
INFO 2024-12-08 22:02:25,201 basehttp "GET /static/deps/js/main.js HTTP/1.1" 304 0
INFO 2024-12-08 22:02:32,911 views Старт обработки запроса в index
INFO 2024-12-08 22:02:33,021 views Загружено 3798 записей
ERROR 2024-12-08 22:02:34,797 views Произошла ошибка: main/map_partial.html
Traceback (most recent call last):
  File "C:\Users\ZhanibekSB\WorkplaceVS\HackaAstanaDjEnv\main\views.py", line 119, in index
    return render(request, 'main/map_partial.html', context)
           ^^^^^^^^^^^^^^^^^^^^^^^^^^^^^^^^^^^^^^^^^^^^^^^^^
  File "c:\Users\ZhanibekSB\AppData\Local\Programs\Python\Python312\Lib\site-packages\django\shortcuts.py", line 25, in render
    content = loader.render_to_string(template_name, context, request, using=using)
              ^^^^^^^^^^^^^^^^^^^^^^^^^^^^^^^^^^^^^^^^^^^^^^^^^^^^^^^^^^^^^^^^^^^^^
  File "c:\Users\ZhanibekSB\AppData\Local\Programs\Python\Python312\Lib\site-packages\django\template\loader.py", line 61, in render_to_string
    template = get_template(template_name, using=using)
               ^^^^^^^^^^^^^^^^^^^^^^^^^^^^^^^^^^^^^^^^
  File "c:\Users\ZhanibekSB\AppData\Local\Programs\Python\Python312\Lib\site-packages\django\template\loader.py", line 19, in get_template
    raise TemplateDoesNotExist(template_name, chain=chain)
django.template.exceptions.TemplateDoesNotExist: main/map_partial.html
INFO 2024-12-08 22:02:34,804 basehttp "GET /?top_only=true&district=all HTTP/1.1" 200 7162
INFO 2024-12-08 22:12:59,018 autoreload C:\Users\ZhanibekSB\WorkplaceVS\HackaAstanaDjEnv\main\views.py changed, reloading.
INFO 2024-12-08 22:13:01,233 autoreload Watching for file changes with StatReloader
INFO 2024-12-08 22:15:44,697 autoreload C:\Users\ZhanibekSB\WorkplaceVS\HackaAstanaDjEnv\main\views.py changed, reloading.
INFO 2024-12-08 22:15:46,496 autoreload Watching for file changes with StatReloader
INFO 2024-12-08 22:17:11,237 autoreload Watching for file changes with StatReloader
INFO 2024-12-08 22:17:15,217 basehttp "GET / HTTP/1.1" 200 4015727
INFO 2024-12-08 22:17:15,240 basehttp "GET /static/deps/css/styles3.css HTTP/1.1" 304 0
INFO 2024-12-08 22:17:15,298 basehttp "GET /static/deps/js/main.js HTTP/1.1" 200 9061
INFO 2024-12-08 22:17:27,872 basehttp "GET /?district=all&top_only=on HTTP/1.1" 200 4015727
INFO 2024-12-08 22:17:36,329 basehttp "GET /?district=%D0%90%D0%BB%D0%B0%D1%82%D0%B0%D1%83%D1%81%D0%BA%D0%B8%D0%B9+%D1%80%D0%B0%D0%B9%D0%BE%D0%BD HTTP/1.1" 200 3752389
INFO 2024-12-08 22:17:36,591 basehttp "GET /static/deps/js/main.js HTTP/1.1" 304 0
INFO 2024-12-08 22:17:44,590 basehttp "GET /?district=%D0%90%D0%BB%D0%BC%D0%B0%D0%BB%D0%B8%D0%BD%D1%81%D0%BA%D0%B8%D0%B9+%D1%80%D0%B0%D0%B9%D0%BE%D0%BD HTTP/1.1" 200 3683263
INFO 2024-12-08 22:17:53,436 basehttp "GET /?district=%D0%90%D1%83%D1%8D%D0%B7%D0%BE%D0%B2%D1%81%D0%BA%D0%B8%D0%B9+%D1%80%D0%B0%D0%B9%D0%BE%D0%BD HTTP/1.1" 200 3672805
INFO 2024-12-08 22:17:53,708 basehttp "GET /static/deps/js/main.js HTTP/1.1" 304 0
INFO 2024-12-08 22:18:16,612 basehttp "GET /?district=%D0%91%D0%BE%D1%81%D1%82%D0%B0%D0%BD%D0%B4%D1%8B%D0%BA%D1%81%D0%BA%D0%B8%D0%B9+%D1%80%D0%B0%D0%B9%D0%BE%D0%BD HTTP/1.1" 200 3753394
INFO 2024-12-08 22:18:19,593 basehttp "GET /?district=%D0%91%D0%BE%D1%81%D1%82%D0%B0%D0%BD%D0%B4%D1%8B%D0%BA%D1%81%D0%BA%D0%B8%D0%B9+%D1%80%D0%B0%D0%B9%D0%BE%D0%BD HTTP/1.1" 200 3753394
INFO 2024-12-08 22:18:19,874 basehttp "GET /static/deps/js/main.js HTTP/1.1" 304 0
INFO 2024-12-08 22:18:29,514 basehttp "GET /?district=all HTTP/1.1" 200 4015727
INFO 2024-12-08 22:18:31,638 basehttp "GET /?district=all HTTP/1.1" 200 4015727
INFO 2024-12-08 22:18:31,917 basehttp "GET /static/deps/js/main.js HTTP/1.1" 304 0
INFO 2024-12-08 22:23:39,813 autoreload Watching for file changes with StatReloader
INFO 2024-12-08 22:23:43,678 basehttp "GET / HTTP/1.1" 200 4015649
INFO 2024-12-08 22:23:43,756 basehttp "GET /static/deps/js/main.js HTTP/1.1" 200 9214
INFO 2024-12-08 22:23:54,674 basehttp "GET /?district=%D0%90%D0%BB%D0%BC%D0%B0%D0%BB%D0%B8%D0%BD%D1%81%D0%BA%D0%B8%D0%B9+%D1%80%D0%B0%D0%B9%D0%BE%D0%BD HTTP/1.1" 200 3683177
INFO 2024-12-08 22:23:58,746 basehttp "GET /?district=%D0%90%D0%BB%D0%BC%D0%B0%D0%BB%D0%B8%D0%BD%D1%81%D0%BA%D0%B8%D0%B9+%D1%80%D0%B0%D0%B9%D0%BE%D0%BD HTTP/1.1" 200 3683177
INFO 2024-12-08 22:23:59,033 basehttp "GET /static/deps/js/main.js HTTP/1.1" 304 0
INFO 2024-12-08 22:24:09,355 basehttp "GET /?district=all HTTP/1.1" 200 4015649
INFO 2024-12-08 22:24:11,243 basehttp "GET /?district=all HTTP/1.1" 200 4015649
INFO 2024-12-08 22:24:13,085 basehttp "GET /?district=all HTTP/1.1" 200 4015649
INFO 2024-12-08 22:24:13,366 basehttp "GET /static/deps/js/main.js HTTP/1.1" 304 0
INFO 2024-12-08 22:24:19,148 basehttp "GET /?district=all&top_only=on HTTP/1.1" 200 4015649
INFO 2024-12-08 22:24:20,918 basehttp "GET /?district=all&top_only=on HTTP/1.1" 200 4015649
INFO 2024-12-08 22:24:23,949 basehttp "GET /?district=all HTTP/1.1" 200 4015649
INFO 2024-12-08 22:24:24,104 basehttp "GET /static/deps/js/main.js HTTP/1.1" 304 0
INFO 2024-12-08 22:24:29,472 basehttp "GET /?district=all&top_only=on HTTP/1.1" 200 4015649
INFO 2024-12-08 22:24:31,172 basehttp "GET /?district=all&top_only=on HTTP/1.1" 200 4015649
INFO 2024-12-08 22:24:33,158 basehttp "GET /?district=all&top_only=on HTTP/1.1" 200 4015649
INFO 2024-12-08 22:24:35,344 basehttp "GET /?district=all&top_only=on HTTP/1.1" 200 4015649
INFO 2024-12-08 22:24:35,623 basehttp "GET /static/deps/js/main.js HTTP/1.1" 304 0
INFO 2024-12-08 22:36:12,901 autoreload Watching for file changes with StatReloader
INFO 2024-12-08 22:36:16,143 basehttp "GET /?district=all&top_only=on HTTP/1.1" 200 4014353
INFO 2024-12-08 22:36:16,471 basehttp "GET /static/deps/js/main.js HTTP/1.1" 304 0
INFO 2024-12-08 22:40:25,486 basehttp "GET /?district=all&top_only=on HTTP/1.1" 200 4014454
INFO 2024-12-08 22:40:25,807 basehttp "GET /static/deps/js/main.js HTTP/1.1" 304 0
INFO 2024-12-08 22:40:54,647 autoreload C:\Users\ZhanibekSB\WorkplaceVS\HackaAstanaDjEnv\main\views.py changed, reloading.
INFO 2024-12-08 22:40:56,783 autoreload Watching for file changes with StatReloader
INFO 2024-12-08 22:41:00,758 basehttp "GET /?district=all&top_only=on HTTP/1.1" 200 4014351
INFO 2024-12-08 22:41:34,322 autoreload C:\Users\ZhanibekSB\WorkplaceVS\HackaAstanaDjEnv\main\views.py changed, reloading.
INFO 2024-12-08 22:41:36,333 autoreload Watching for file changes with StatReloader
INFO 2024-12-08 22:41:38,725 basehttp "GET /?district=all&top_only=on HTTP/1.1" 200 4014350
INFO 2024-12-08 23:10:19,500 autoreload C:\Users\ZhanibekSB\WorkplaceVS\HackaAstanaDjEnv\main\views.py changed, reloading.
INFO 2024-12-08 23:10:23,431 autoreload Watching for file changes with StatReloader
INFO 2024-12-08 23:10:28,513 autoreload C:\Users\ZhanibekSB\WorkplaceVS\HackaAstanaDjEnv\main\views.py changed, reloading.
INFO 2024-12-08 23:10:30,546 autoreload Watching for file changes with StatReloader
INFO 2024-12-08 23:11:04,154 autoreload C:\Users\ZhanibekSB\WorkplaceVS\HackaAstanaDjEnv\main\views.py changed, reloading.
INFO 2024-12-08 23:11:06,043 autoreload Watching for file changes with StatReloader
INFO 2024-12-08 23:11:19,513 autoreload C:\Users\ZhanibekSB\WorkplaceVS\HackaAstanaDjEnv\main\views.py changed, reloading.
INFO 2024-12-08 23:11:21,638 autoreload Watching for file changes with StatReloader
INFO 2024-12-08 23:11:37,002 autoreload C:\Users\ZhanibekSB\WorkplaceVS\HackaAstanaDjEnv\main\views.py changed, reloading.
INFO 2024-12-08 23:11:38,869 autoreload Watching for file changes with StatReloader
INFO 2024-12-08 23:11:40,450 autoreload C:\Users\ZhanibekSB\WorkplaceVS\HackaAstanaDjEnv\main\views.py changed, reloading.
INFO 2024-12-08 23:11:42,078 autoreload Watching for file changes with StatReloader
INFO 2024-12-08 23:12:48,533 autoreload Watching for file changes with StatReloader
INFO 2024-12-08 23:12:54,268 basehttp "GET / HTTP/1.1" 200 4014423
INFO 2024-12-08 23:12:54,339 basehttp "GET /static/deps/js/main.js HTTP/1.1" 304 0
INFO 2024-12-08 23:15:03,627 autoreload C:\Users\ZhanibekSB\WorkplaceVS\HackaAstanaDjEnv\main\views.py changed, reloading.
INFO 2024-12-08 23:15:06,117 autoreload Watching for file changes with StatReloader
INFO 2024-12-08 23:15:31,313 basehttp "GET / HTTP/1.1" 200 4014423
INFO 2024-12-08 23:15:38,526 basehttp "GET / HTTP/1.1" 200 4014423
INFO 2024-12-08 23:16:53,656 autoreload C:\Users\ZhanibekSB\WorkplaceVS\HackaAstanaDjEnv\main\views.py changed, reloading.
INFO 2024-12-08 23:16:55,995 autoreload Watching for file changes with StatReloader
INFO 2024-12-08 23:17:36,358 basehttp "GET / HTTP/1.1" 200 4014423
INFO 2024-12-08 23:20:56,031 autoreload C:\Users\ZhanibekSB\WorkplaceVS\HackaAstanaDjEnv\main\views.py changed, reloading.
INFO 2024-12-08 23:20:58,487 autoreload Watching for file changes with StatReloader
INFO 2024-12-08 23:21:56,808 autoreload Watching for file changes with StatReloader
INFO 2024-12-08 23:22:02,684 basehttp "GET / HTTP/1.1" 200 4014423
INFO 2024-12-08 23:22:02,705 basehttp "GET /static/deps/css/styles3.css HTTP/1.1" 304 0
INFO 2024-12-08 23:22:02,741 basehttp "GET /static/deps/js/main.js HTTP/1.1" 304 0
INFO 2024-12-08 23:35:33,587 autoreload C:\Users\ZhanibekSB\WorkplaceVS\HackaAstanaDjEnv\main\views.py changed, reloading.
INFO 2024-12-08 23:35:36,395 autoreload Watching for file changes with StatReloader
INFO 2024-12-08 23:35:45,471 basehttp "GET / HTTP/1.1" 200 4014423
INFO 2024-12-08 23:35:45,565 basehttp "GET /static/deps/js/main.js HTTP/1.1" 304 0
INFO 2024-12-08 23:39:17,021 autoreload C:\Users\ZhanibekSB\WorkplaceVS\HackaAstanaDjEnv\main\views.py changed, reloading.
INFO 2024-12-08 23:39:18,862 autoreload Watching for file changes with StatReloader
INFO 2024-12-08 23:42:10,831 autoreload Watching for file changes with StatReloader
INFO 2024-12-08 23:42:15,137 basehttp "GET / HTTP/1.1" 200 10069000
INFO 2024-12-08 23:46:13,985 autoreload C:\Users\ZhanibekSB\WorkplaceVS\HackaAstanaDjEnv\main\views.py changed, reloading.
INFO 2024-12-08 23:46:16,401 autoreload Watching for file changes with StatReloader
INFO 2024-12-08 23:46:24,006 autoreload C:\Users\ZhanibekSB\WorkplaceVS\HackaAstanaDjEnv\main\views.py changed, reloading.
INFO 2024-12-08 23:46:26,115 autoreload Watching for file changes with StatReloader
INFO 2024-12-08 23:46:35,689 autoreload C:\Users\ZhanibekSB\WorkplaceVS\HackaAstanaDjEnv\main\views.py changed, reloading.
INFO 2024-12-08 23:46:37,891 autoreload Watching for file changes with StatReloader
INFO 2024-12-08 23:46:39,455 autoreload C:\Users\ZhanibekSB\WorkplaceVS\HackaAstanaDjEnv\main\views.py changed, reloading.
INFO 2024-12-08 23:46:41,306 autoreload Watching for file changes with StatReloader
INFO 2024-12-08 23:47:37,343 autoreload Watching for file changes with StatReloader
INFO 2024-12-08 23:47:42,066 basehttp "GET / HTTP/1.1" 200 4014570
INFO 2024-12-08 23:47:42,123 basehttp "GET /static/deps/js/main.js HTTP/1.1" 304 0
INFO 2024-12-08 23:49:22,009 autoreload C:\Users\ZhanibekSB\WorkplaceVS\HackaAstanaDjEnv\main\views.py changed, reloading.
INFO 2024-12-08 23:49:23,988 autoreload Watching for file changes with StatReloader
INFO 2024-12-08 23:50:02,022 basehttp "GET / HTTP/1.1" 200 4014570
INFO 2024-12-08 23:50:58,181 autoreload C:\Users\ZhanibekSB\WorkplaceVS\HackaAstanaDjEnv\main\views.py changed, reloading.
INFO 2024-12-08 23:51:00,334 autoreload Watching for file changes with StatReloader
INFO 2024-12-08 23:51:06,719 basehttp "GET / HTTP/1.1" 200 4014570
INFO 2024-12-08 23:52:35,468 autoreload C:\Users\ZhanibekSB\WorkplaceVS\HackaAstanaDjEnv\main\views.py changed, reloading.
INFO 2024-12-08 23:52:37,340 autoreload Watching for file changes with StatReloader
INFO 2024-12-08 23:52:54,164 autoreload Watching for file changes with StatReloader
INFO 2024-12-08 23:52:59,138 basehttp "GET / HTTP/1.1" 200 4014570
INFO 2024-12-09 00:02:10,890 autoreload C:\Users\ZhanibekSB\WorkplaceVS\HackaAstanaDjEnv\main\views.py changed, reloading.
INFO 2024-12-09 00:02:16,984 autoreload Watching for file changes with StatReloader
INFO 2024-12-09 00:02:23,385 basehttp "GET / HTTP/1.1" 200 4014570
INFO 2024-12-09 00:02:23,539 basehttp "GET /static/deps/js/main.js HTTP/1.1" 304 0
INFO 2024-12-09 00:04:07,113 autoreload C:\Users\ZhanibekSB\WorkplaceVS\HackaAstanaDjEnv\main\views.py changed, reloading.
INFO 2024-12-09 00:04:09,407 autoreload Watching for file changes with StatReloader
INFO 2024-12-09 00:04:11,050 autoreload C:\Users\ZhanibekSB\WorkplaceVS\HackaAstanaDjEnv\main\views.py changed, reloading.
INFO 2024-12-09 00:04:12,825 autoreload Watching for file changes with StatReloader
INFO 2024-12-09 00:04:18,467 basehttp "GET / HTTP/1.1" 200 4014570
INFO 2024-12-09 00:06:51,998 autoreload C:\Users\ZhanibekSB\WorkplaceVS\HackaAstanaDjEnv\main\views.py changed, reloading.
INFO 2024-12-09 00:06:54,263 autoreload Watching for file changes with StatReloader
INFO 2024-12-09 00:07:07,218 basehttp "GET / HTTP/1.1" 200 4020606
INFO 2024-12-09 00:15:48,614 autoreload C:\Users\ZhanibekSB\WorkplaceVS\HackaAstanaDjEnv\main\views.py changed, reloading.
INFO 2024-12-09 00:15:51,144 autoreload Watching for file changes with StatReloader
INFO 2024-12-09 00:16:03,701 basehttp "GET / HTTP/1.1" 200 4020470
INFO 2024-12-09 00:16:03,789 basehttp "GET /static/deps/js/main.js HTTP/1.1" 304 0
INFO 2024-12-09 00:19:11,436 autoreload C:\Users\ZhanibekSB\WorkplaceVS\HackaAstanaDjEnv\main\views.py changed, reloading.
INFO 2024-12-09 00:19:13,495 autoreload Watching for file changes with StatReloader
INFO 2024-12-09 00:24:31,985 autoreload Watching for file changes with StatReloader
INFO 2024-12-09 00:24:44,369 basehttp "GET / HTTP/1.1" 200 3653563
INFO 2024-12-09 00:28:08,143 autoreload C:\Users\ZhanibekSB\WorkplaceVS\HackaAstanaDjEnv\main\views.py changed, reloading.
INFO 2024-12-09 00:28:10,636 autoreload Watching for file changes with StatReloader
INFO 2024-12-09 00:28:14,360 basehttp "GET / HTTP/1.1" 200 6069
INFO 2024-12-09 00:28:14,376 basehttp "GET /static/deps/js/main.js HTTP/1.1" 304 0
INFO 2024-12-09 00:28:27,249 autoreload C:\Users\ZhanibekSB\WorkplaceVS\HackaAstanaDjEnv\main\views.py changed, reloading.
INFO 2024-12-09 00:28:30,992 autoreload Watching for file changes with StatReloader
INFO 2024-12-09 00:28:42,260 basehttp "GET / HTTP/1.1" 200 4020134
INFO 2024-12-09 00:29:17,009 autoreload C:\Users\ZhanibekSB\WorkplaceVS\HackaAstanaDjEnv\main\views.py changed, reloading.
INFO 2024-12-09 00:29:18,972 autoreload Watching for file changes with StatReloader
INFO 2024-12-09 00:29:37,751 autoreload C:\Users\ZhanibekSB\WorkplaceVS\HackaAstanaDjEnv\main\views.py changed, reloading.
INFO 2024-12-09 00:29:39,703 autoreload Watching for file changes with StatReloader
INFO 2024-12-09 00:29:54,570 basehttp "GET / HTTP/1.1" 200 4020871
INFO 2024-12-09 00:30:19,302 autoreload C:\Users\ZhanibekSB\WorkplaceVS\HackaAstanaDjEnv\main\views.py changed, reloading.
INFO 2024-12-09 00:30:21,109 autoreload Watching for file changes with StatReloader
INFO 2024-12-09 00:30:28,332 autoreload C:\Users\ZhanibekSB\WorkplaceVS\HackaAstanaDjEnv\main\views.py changed, reloading.
INFO 2024-12-09 00:30:30,105 autoreload Watching for file changes with StatReloader
INFO 2024-12-09 00:30:33,143 autoreload C:\Users\ZhanibekSB\WorkplaceVS\HackaAstanaDjEnv\main\views.py changed, reloading.
INFO 2024-12-09 00:30:35,106 autoreload Watching for file changes with StatReloader
INFO 2024-12-09 00:30:48,887 basehttp "GET / HTTP/1.1" 200 4020233
INFO 2024-12-09 00:31:56,879 autoreload Watching for file changes with StatReloader
INFO 2024-12-09 00:32:09,177 basehttp "GET / HTTP/1.1" 200 4020679
INFO 2024-12-09 00:32:09,210 basehttp "GET /static/deps/css/styles3.css HTTP/1.1" 304 0
INFO 2024-12-09 00:32:42,456 basehttp "GET / HTTP/1.1" 200 4021082
INFO 2024-12-09 00:35:04,664 autoreload Watching for file changes with StatReloader
INFO 2024-12-09 00:35:22,459 basehttp "GET / HTTP/1.1" 200 4021385
INFO 2024-12-09 10:11:39,930 basehttp "GET / HTTP/1.1" 200 4014821
INFO 2024-12-09 10:11:39,993 basehttp "GET /static/deps/css/styles3.css HTTP/1.1" 304 0
INFO 2024-12-09 10:11:40,373 basehttp "GET /static/deps/js/main.js HTTP/1.1" 304 0
INFO 2024-12-09 10:12:14,681 autoreload Watching for file changes with StatReloader
INFO 2024-12-09 10:12:20,673 basehttp "GET / HTTP/1.1" 200 4014821
INFO 2024-12-09 10:13:42,997 autoreload Watching for file changes with StatReloader
INFO 2024-12-09 10:13:56,921 basehttp "GET / HTTP/1.1" 200 4019792
INFO 2024-12-09 10:14:46,529 basehttp "GET / HTTP/1.1" 200 4020249
INFO 2024-12-09 10:38:42,878 autoreload C:\Users\ZhanibekSB\WorkplaceVS\HackaAstanaDjEnv\main\views.py changed, reloading.
INFO 2024-12-09 10:38:46,883 autoreload Watching for file changes with StatReloader
INFO 2024-12-09 10:39:01,307 basehttp "GET / HTTP/1.1" 200 4020312
INFO 2024-12-09 10:39:10,920 autoreload C:\Users\ZhanibekSB\WorkplaceVS\HackaAstanaDjEnv\main\views.py changed, reloading.
INFO 2024-12-09 10:39:13,634 autoreload Watching for file changes with StatReloader
INFO 2025-01-12 19:40:36,023 autoreload Watching for file changes with StatReloader
INFO 2025-01-12 19:40:54,949 basehttp "GET / HTTP/1.1" 200 4014576
INFO 2025-01-12 19:40:55,025 basehttp "GET /static/deps/css/styles3.css HTTP/1.1" 200 13277
INFO 2025-01-12 19:40:55,233 basehttp "GET /static/deps/js/main.js HTTP/1.1" 200 9214
WARNING 2025-01-12 19:40:55,234 basehttp "GET /static/deps/css/bootstrap/bootstrap.min.css HTTP/1.1" 404 1922
WARNING 2025-01-12 19:40:55,257 basehttp "GET /static/deps/js/jquery/jquery-3.7.0.min.js HTTP/1.1" 404 1916
WARNING 2025-01-12 19:40:55,263 basehttp "GET /static/deps/js/bootstrap/bootstrap.bundle.min.js HTTP/1.1" 404 1937
WARNING 2025-01-12 19:41:01,349 log Not Found: /favicon.ico
WARNING 2025-01-12 19:41:01,349 basehttp "GET /favicon.ico HTTP/1.1" 404 2366
INFO 2025-01-12 19:41:28,628 basehttp "GET / HTTP/1.1" 200 4014576
WARNING 2025-01-12 19:41:28,679 basehttp "GET /static/deps/css/bootstrap/bootstrap.min.css HTTP/1.1" 404 1922
WARNING 2025-01-12 19:41:28,705 basehttp "GET /static/deps/js/jquery/jquery-3.7.0.min.js HTTP/1.1" 404 1916
WARNING 2025-01-12 19:41:28,735 basehttp "GET /static/deps/js/bootstrap/bootstrap.bundle.min.js HTTP/1.1" 404 1937
INFO 2025-01-12 19:41:58,692 basehttp "GET / HTTP/1.1" 200 4014576
WARNING 2025-01-12 19:41:58,970 basehttp "GET /static/deps/css/bootstrap/bootstrap.min.css HTTP/1.1" 404 1922
WARNING 2025-01-12 19:41:58,985 basehttp "GET /static/deps/js/jquery/jquery-3.7.0.min.js HTTP/1.1" 404 1916
WARNING 2025-01-12 19:41:58,987 basehttp "GET /static/deps/js/bootstrap/bootstrap.bundle.min.js HTTP/1.1" 404 1937
INFO 2025-01-12 19:44:44,079 autoreload C:\Users\ZhanibekSB\WorkplaceVS\HackaAstanaDjEnv\main\views.py changed, reloading.
INFO 2025-01-12 19:44:48,954 autoreload Watching for file changes with StatReloader
INFO 2025-01-12 19:45:02,878 basehttp "GET / HTTP/1.1" 200 4014576
WARNING 2025-01-12 19:45:03,127 basehttp "GET /static/deps/css/bootstrap/bootstrap.min.css HTTP/1.1" 404 1922
WARNING 2025-01-12 19:45:03,149 basehttp "GET /static/deps/js/bootstrap/bootstrap.bundle.min.js HTTP/1.1" 404 1937
WARNING 2025-01-12 19:45:03,150 basehttp "GET /static/deps/js/jquery/jquery-3.7.0.min.js HTTP/1.1" 404 1916
INFO 2025-01-12 19:45:14,179 basehttp "GET / HTTP/1.1" 200 4014576
WARNING 2025-01-12 19:45:14,223 basehttp "GET /static/deps/css/bootstrap/bootstrap.min.css HTTP/1.1" 404 1922
WARNING 2025-01-12 19:45:14,249 basehttp "GET /static/deps/js/jquery/jquery-3.7.0.min.js HTTP/1.1" 404 1916
WARNING 2025-01-12 19:45:14,278 basehttp "GET /static/deps/js/bootstrap/bootstrap.bundle.min.js HTTP/1.1" 404 1937
INFO 2025-01-12 19:47:37,349 autoreload C:\Users\ZhanibekSB\WorkplaceVS\HackaAstanaDjEnv\main\views.py changed, reloading.
INFO 2025-01-12 19:47:39,680 autoreload Watching for file changes with StatReloader
INFO 2025-01-12 19:47:46,252 basehttp "GET / HTTP/1.1" 200 4014576
WARNING 2025-01-12 19:47:46,495 basehttp "GET /static/deps/css/bootstrap/bootstrap.min.css HTTP/1.1" 404 1922
WARNING 2025-01-12 19:47:46,498 basehttp "GET /static/deps/js/jquery/jquery-3.7.0.min.js HTTP/1.1" 404 1916
WARNING 2025-01-12 19:47:46,507 basehttp "GET /static/deps/js/bootstrap/bootstrap.bundle.min.js HTTP/1.1" 404 1937
INFO 2025-01-12 19:47:56,376 basehttp "GET / HTTP/1.1" 200 4014576
WARNING 2025-01-12 19:47:56,478 basehttp "GET /static/deps/css/bootstrap/bootstrap.min.css HTTP/1.1" 404 1922
WARNING 2025-01-12 19:47:56,627 basehttp "GET /static/deps/js/jquery/jquery-3.7.0.min.js HTTP/1.1" 404 1916
WARNING 2025-01-12 19:47:56,627 basehttp "GET /static/deps/js/bootstrap/bootstrap.bundle.min.js HTTP/1.1" 404 1937
INFO 2025-01-12 19:48:13,382 autoreload C:\Users\ZhanibekSB\WorkplaceVS\HackaAstanaDjEnv\main\views.py changed, reloading.
INFO 2025-01-12 19:48:18,363 autoreload Watching for file changes with StatReloader
INFO 2025-01-12 19:48:22,787 basehttp "GET / HTTP/1.1" 200 4014576
WARNING 2025-01-12 19:48:22,836 basehttp "GET /static/deps/css/bootstrap/bootstrap.min.css HTTP/1.1" 404 1922
WARNING 2025-01-12 19:48:22,896 basehttp "GET /static/deps/js/jquery/jquery-3.7.0.min.js HTTP/1.1" 404 1916
WARNING 2025-01-12 19:48:22,897 basehttp "GET /static/deps/js/bootstrap/bootstrap.bundle.min.js HTTP/1.1" 404 1937
INFO 2025-01-12 19:49:49,144 autoreload C:\Users\ZhanibekSB\WorkplaceVS\HackaAstanaDjEnv\main\views.py changed, reloading.
INFO 2025-01-12 19:49:51,311 autoreload Watching for file changes with StatReloader
INFO 2025-01-12 19:49:57,948 autoreload C:\Users\ZhanibekSB\WorkplaceVS\HackaAstanaDjEnv\main\views.py changed, reloading.
INFO 2025-01-12 19:50:00,132 autoreload Watching for file changes with StatReloader
INFO 2025-01-12 19:50:12,335 basehttp "GET / HTTP/1.1" 200 4014576
WARNING 2025-01-12 19:50:12,534 basehttp "GET /static/deps/css/bootstrap/bootstrap.min.css HTTP/1.1" 404 1922
WARNING 2025-01-12 19:50:12,591 basehttp "GET /static/deps/js/jquery/jquery-3.7.0.min.js HTTP/1.1" 404 1916
WARNING 2025-01-12 19:50:12,592 basehttp "GET /static/deps/js/bootstrap/bootstrap.bundle.min.js HTTP/1.1" 404 1937
INFO 2025-01-12 19:50:26,307 autoreload C:\Users\ZhanibekSB\WorkplaceVS\HackaAstanaDjEnv\main\views.py changed, reloading.
INFO 2025-01-12 19:50:28,672 autoreload Watching for file changes with StatReloader
INFO 2025-01-12 19:50:39,642 autoreload C:\Users\ZhanibekSB\WorkplaceVS\HackaAstanaDjEnv\main\views.py changed, reloading.
INFO 2025-01-12 19:50:41,842 autoreload Watching for file changes with StatReloader
INFO 2025-01-12 19:51:21,917 autoreload C:\Users\ZhanibekSB\WorkplaceVS\HackaAstanaDjEnv\main\views.py changed, reloading.
INFO 2025-01-12 19:51:24,299 autoreload Watching for file changes with StatReloader
INFO 2025-01-12 19:51:28,631 autoreload Watching for file changes with StatReloader
INFO 2025-01-12 19:51:36,143 basehttp "GET / HTTP/1.1" 200 4014576
WARNING 2025-01-12 19:51:36,216 basehttp "GET /static/deps/css/bootstrap/bootstrap.min.css HTTP/1.1" 404 1922
WARNING 2025-01-12 19:51:36,275 basehttp "GET /static/deps/js/jquery/jquery-3.7.0.min.js HTTP/1.1" 404 1916
WARNING 2025-01-12 19:51:36,275 basehttp "GET /static/deps/js/bootstrap/bootstrap.bundle.min.js HTTP/1.1" 404 1937
INFO 2025-01-12 19:53:18,622 autoreload C:\Users\ZhanibekSB\WorkplaceVS\HackaAstanaDjEnv\main\views.py changed, reloading.
INFO 2025-01-12 19:53:20,763 autoreload Watching for file changes with StatReloader
INFO 2025-01-12 19:53:26,422 basehttp "GET / HTTP/1.1" 200 4014576
WARNING 2025-01-12 19:53:26,507 basehttp "GET /static/deps/css/bootstrap/bootstrap.min.css HTTP/1.1" 404 1922
WARNING 2025-01-12 19:53:26,519 basehttp "GET /static/deps/js/jquery/jquery-3.7.0.min.js HTTP/1.1" 404 1916
WARNING 2025-01-12 19:53:26,538 basehttp "GET /static/deps/js/bootstrap/bootstrap.bundle.min.js HTTP/1.1" 404 1937
INFO 2025-01-12 19:53:35,381 basehttp "GET / HTTP/1.1" 200 4014576
WARNING 2025-01-12 19:53:35,626 basehttp "GET /static/deps/css/bootstrap/bootstrap.min.css HTTP/1.1" 404 1922
WARNING 2025-01-12 19:53:35,652 basehttp "GET /static/deps/js/jquery/jquery-3.7.0.min.js HTTP/1.1" 404 1916
WARNING 2025-01-12 19:53:35,658 basehttp "GET /static/deps/js/bootstrap/bootstrap.bundle.min.js HTTP/1.1" 404 1937
INFO 2025-01-12 20:11:13,848 autoreload C:\Users\ZhanibekSB\WorkplaceVS\HackaAstanaDjEnv\main\views.py changed, reloading.
INFO 2025-01-12 20:11:16,598 autoreload Watching for file changes with StatReloader
INFO 2025-01-12 20:11:55,260 autoreload C:\Users\ZhanibekSB\WorkplaceVS\HackaAstanaDjEnv\main\views.py changed, reloading.
INFO 2025-01-12 20:11:57,455 autoreload Watching for file changes with StatReloader
INFO 2025-01-12 20:12:12,555 basehttp "GET / HTTP/1.1" 200 4014564
WARNING 2025-01-12 20:12:12,635 basehttp "GET /static/deps/css/bootstrap/bootstrap.min.css HTTP/1.1" 404 1922
WARNING 2025-01-12 20:12:12,647 basehttp "GET /static/deps/js/jquery/jquery-3.7.0.min.js HTTP/1.1" 404 1916
WARNING 2025-01-12 20:12:12,671 basehttp "GET /static/deps/js/bootstrap/bootstrap.bundle.min.js HTTP/1.1" 404 1937
INFO 2025-01-12 20:15:48,451 autoreload C:\Users\ZhanibekSB\WorkplaceVS\HackaAstanaDjEnv\main\views.py changed, reloading.
INFO 2025-01-12 20:15:50,819 autoreload Watching for file changes with StatReloader
INFO 2025-01-12 20:15:55,829 basehttp "GET / HTTP/1.1" 200 4014576
WARNING 2025-01-12 20:15:55,913 basehttp "GET /static/deps/js/jquery/jquery-3.7.0.min.js HTTP/1.1" 404 1916
WARNING 2025-01-12 20:15:55,917 basehttp "GET /static/deps/css/bootstrap/bootstrap.min.css HTTP/1.1" 404 1922
WARNING 2025-01-12 20:15:55,943 basehttp "GET /static/deps/js/bootstrap/bootstrap.bundle.min.js HTTP/1.1" 404 1937
INFO 2025-01-12 20:19:03,508 autoreload C:\Users\ZhanibekSB\WorkplaceVS\HackaAstanaDjEnv\main\views.py changed, reloading.
INFO 2025-01-12 20:19:08,052 autoreload Watching for file changes with StatReloader
INFO 2025-01-12 20:19:13,616 basehttp "GET / HTTP/1.1" 200 4014576
WARNING 2025-01-12 20:19:13,709 basehttp "GET /static/deps/css/bootstrap/bootstrap.min.css HTTP/1.1" 404 1922
WARNING 2025-01-12 20:19:13,722 basehttp "GET /static/deps/js/jquery/jquery-3.7.0.min.js HTTP/1.1" 404 1916
WARNING 2025-01-12 20:19:13,734 basehttp "GET /static/deps/js/bootstrap/bootstrap.bundle.min.js HTTP/1.1" 404 1937
INFO 2025-01-12 20:20:12,295 autoreload Watching for file changes with StatReloader
INFO 2025-01-12 20:20:31,637 basehttp "GET / HTTP/1.1" 200 4014576
WARNING 2025-01-12 20:20:31,724 basehttp "GET /static/deps/css/bootstrap/bootstrap.min.css HTTP/1.1" 404 1922
WARNING 2025-01-12 20:20:31,730 basehttp "GET /static/deps/js/jquery/jquery-3.7.0.min.js HTTP/1.1" 404 1916
WARNING 2025-01-12 20:20:31,757 basehttp "GET /static/deps/js/bootstrap/bootstrap.bundle.min.js HTTP/1.1" 404 1937
INFO 2025-01-13 00:14:02,700 autoreload C:\Users\ZhanibekSB\WorkplaceVS\HackaAstanaDjEnv\main\views.py changed, reloading.
INFO 2025-01-13 00:14:07,316 autoreload Watching for file changes with StatReloader
INFO 2025-01-13 00:14:21,280 basehttp "GET / HTTP/1.1" 200 4020964
WARNING 2025-01-13 00:14:21,466 basehttp "GET /static/deps/css/bootstrap/bootstrap.min.css HTTP/1.1" 404 1922
WARNING 2025-01-13 00:14:21,473 basehttp "GET /static/deps/js/jquery/jquery-3.7.0.min.js HTTP/1.1" 404 1916
WARNING 2025-01-13 00:14:21,534 basehttp "GET /static/deps/js/bootstrap/bootstrap.bundle.min.js HTTP/1.1" 404 1937
INFO 2025-01-13 00:14:42,440 autoreload C:\Users\ZhanibekSB\WorkplaceVS\HackaAstanaDjEnv\main\views.py changed, reloading.
INFO 2025-01-13 00:14:44,625 autoreload Watching for file changes with StatReloader
INFO 2025-01-13 00:19:03,540 basehttp "GET / HTTP/1.1" 200 4020342
WARNING 2025-01-13 00:19:03,673 basehttp "GET /static/deps/css/bootstrap/bootstrap.min.css HTTP/1.1" 404 1922
WARNING 2025-01-13 00:19:03,736 basehttp "GET /static/deps/js/jquery/jquery-3.7.0.min.js HTTP/1.1" 404 1916
WARNING 2025-01-13 00:19:03,790 basehttp "GET /static/deps/js/bootstrap/bootstrap.bundle.min.js HTTP/1.1" 404 1937
